<?xml version="1.0" encoding="UTF-8"?>
<testng-results ignored="0" total="1" passed="1" failed="0" skipped="0">
  <reporter-output>
  </reporter-output>
  <suite started-at="2025-12-26T17:47:30 IST" name="Suite" finished-at="2025-12-26T17:47:36 IST" duration-ms="6330">
    <groups>
    </groups>
    <test started-at="2025-12-26T17:47:30 IST" name="Test" finished-at="2025-12-26T17:47:36 IST" duration-ms="6330">
      <class name="tests.AddToCartTest">
        <test-method is-config="true" signature="setup()[pri:0, instance:tests.AddToCartTest@302552ec]" started-at="2025-12-26T17:47:30 IST" name="setup" finished-at="2025-12-26T17:47:33 IST" duration-ms="3009" status="PASS">
          <reporter-output>
          </reporter-output>
        </test-method> <!-- setup -->
        <test-method signature="addVegetablesToCartTest()[pri:0, instance:tests.AddToCartTest@302552ec]" started-at="2025-12-26T17:47:33 IST" name="addVegetablesToCartTest" finished-at="2025-12-26T17:47:36 IST" duration-ms="3039" status="PASS">
          <reporter-output>
          </reporter-output>
        </test-method> <!-- addVegetablesToCartTest -->
        <test-method is-config="true" signature="tearDown()[pri:0, instance:tests.AddToCartTest@302552ec]" started-at="2025-12-26T17:47:36 IST" name="tearDown" finished-at="2025-12-26T17:47:36 IST" duration-ms="245" status="PASS">
          <reporter-output>
          </reporter-output>
        </test-method> <!-- tearDown -->
      </class> <!-- tests.AddToCartTest -->
    </test> <!-- Test -->
  </suite> <!-- Suite -->
</testng-results>
