<?xml version="1.0" encoding="UTF-8"?>
<testng-results ignored="0" total="1" passed="1" failed="0" skipped="0">
  <reporter-output>
  </reporter-output>
  <suite started-at="2025-12-25T17:56:35 IST" name="Default suite" finished-at="2025-12-25T17:56:39 IST" duration-ms="4861">
    <groups>
    </groups>
    <test started-at="2025-12-25T17:56:35 IST" name="Default test" finished-at="2025-12-25T17:56:39 IST" duration-ms="4861">
      <class name="tests.AddToCartTest">
        <test-method is-config="true" signature="setup()[pri:0, instance:tests.AddToCartTest@302552ec]" started-at="2025-12-25T17:56:35 IST" name="setup" finished-at="2025-12-25T17:56:37 IST" duration-ms="2602" status="PASS">
          <reporter-output>
          </reporter-output>
        </test-method> <!-- setup -->
        <test-method signature="addVegetablesToCartTest()[pri:0, instance:tests.AddToCartTest@302552ec]" started-at="2025-12-25T17:56:37 IST" name="addVegetablesToCartTest" finished-at="2025-12-25T17:56:39 IST" duration-ms="2008" status="PASS">
          <reporter-output>
          </reporter-output>
        </test-method> <!-- addVegetablesToCartTest -->
        <test-method is-config="true" signature="tearDown()[pri:0, instance:tests.AddToCartTest@302552ec]" started-at="2025-12-25T17:56:39 IST" name="tearDown" finished-at="2025-12-25T17:56:39 IST" duration-ms="206" status="PASS">
          <reporter-output>
          </reporter-output>
        </test-method> <!-- tearDown -->
      </class> <!-- tests.AddToCartTest -->
    </test> <!-- Default test -->
  </suite> <!-- Default suite -->
</testng-results>
